[2022-05-10 18:25:07.750 +05:30  INF]  User profile is available. Using 'C:\Users\gokul.ravi\AppData\Local\ASP.NET\DataProtection-Keys' as key repository and Windows DPAPI to encrypt keys at rest.
[2022-05-10 18:27:18.045 +05:30  INF]  User profile is available. Using 'C:\Users\gokul.ravi\AppData\Local\ASP.NET\DataProtection-Keys' as key repository and Windows DPAPI to encrypt keys at rest.
[2022-05-10 18:27:18.357 +05:30  INF]  Now listening on: https://localhost:7161
[2022-05-10 18:27:18.359 +05:30  INF]  Now listening on: http://localhost:5148
[2022-05-10 18:27:18.369 +05:30  INF]  Application started. Press Ctrl+C to shut down.
[2022-05-10 18:27:18.372 +05:30  INF]  Hosting environment: Development
[2022-05-10 18:27:18.375 +05:30  INF]  Content root path: C:\Users\gokul.ravi\Desktop\TMS\TMS\TMS.API\
[2022-05-10 18:27:32.401 +05:30  INF]  Request starting HTTP/1.1 GET http://localhost:5148/6 - -
[2022-05-10 18:27:32.468 +05:30  INF]  CORS policy execution successful.
[2022-05-10 18:27:32.479 +05:30  INF]  Request finished HTTP/1.1 GET http://localhost:5148/6 - - - 307 0 - 81.7476ms
[2022-05-10 18:27:32.549 +05:30  INF]  Request starting HTTP/2 GET https://localhost:7161/6 - -
[2022-05-10 18:27:32.550 +05:30  INF]  CORS policy execution successful.
[2022-05-10 18:27:32.554 +05:30  INF]  Executing endpoint 'TMS.API.Controllers.UserController.GetUserById (TMS.API)'
[2022-05-10 18:27:32.574 +05:30  INF]  Route matched with {action = "GetUserById", controller = "User"}. Executing controller action with signature Microsoft.AspNetCore.Mvc.IActionResult GetUserById(Int32) on controller TMS.API.Controllers.UserController (TMS.API).
[2022-05-10 18:27:39.601 +05:30  INF]  Entity Framework Core 6.0.0 initialized 'AppDbContext' using provider 'Microsoft.EntityFrameworkCore.SqlServer:6.0.0' with options: None
[2022-05-10 18:27:40.489 +05:30  INF]  Executed DbCommand (46ms) [Parameters=[@__p_0='?' (DbType = Int32)], CommandType='"Text"', CommandTimeout='30']
SELECT TOP(1) [u].[Id], [u].[CreatedBy], [u].[CreatedOn], [u].[DepartmentId], [u].[Email], [u].[EmployeeId], [u].[Image], [u].[Name], [u].[Password], [u].[RoleId], [u].[UpdatedBy], [u].[UpdatedOn], [u].[UserName], [u].[isDisabled]
FROM [Users] AS [u]
WHERE [u].[Id] = @__p_0
[2022-05-10 18:27:45.794 +05:30  INF]  Executed DbCommand (5ms) [Parameters=[@__id_0='?' (DbType = Int32)], CommandType='"Text"', CommandTimeout='30']
SELECT TOP(1) [u].[Id], [u].[CreatedBy], [u].[CreatedOn], [u].[DepartmentId], [u].[Email], [u].[EmployeeId], [u].[Image], [u].[Name], [u].[Password], [u].[RoleId], [u].[UpdatedBy], [u].[UpdatedOn], [u].[UserName], [u].[isDisabled], [r].[Id], [r].[CreatedBy], [r].[CreatedOn], [r].[Name], [r].[UpdatedBy], [r].[UpdatedOn], [r].[isDisabled], [d].[Id], [d].[CreatedBy], [d].[CreatedOn], [d].[Name], [d].[UpdatedBy], [d].[UpdatedOn], [d].[isDisabled]
FROM [Users] AS [u]
INNER JOIN [Roles] AS [r] ON [u].[RoleId] = [r].[Id]
LEFT JOIN [Departments] AS [d] ON [u].[DepartmentId] = [d].[Id]
WHERE [u].[Id] = @__id_0
[2022-05-10 18:27:49.015 +05:30  INF]  Executing OkObjectResult, writing value of type 'TMS.DAL.User'.
[2022-05-10 18:27:58.392 +05:30  INF]  Executed action TMS.API.Controllers.UserController.GetUserById (TMS.API) in 25811.6084ms
[2022-05-10 18:27:58.393 +05:30  INF]  Executed endpoint 'TMS.API.Controllers.UserController.GetUserById (TMS.API)'
[2022-05-10 18:27:58.401 +05:30  INF]  Request finished HTTP/2 GET https://localhost:7161/6 - - - 200 89316 application/json;+charset=utf-8 25851.9465ms
[2022-05-10 18:30:32.449 +05:30  INF]  Request starting HTTP/1.1 GET http://localhost:5148/6 - -
[2022-05-10 18:30:32.450 +05:30  INF]  CORS policy execution successful.
[2022-05-10 18:30:32.450 +05:30  INF]  Request finished HTTP/1.1 GET http://localhost:5148/6 - - - 307 0 - 1.5790ms
[2022-05-10 18:30:32.843 +05:30  INF]  Request starting HTTP/2 GET https://localhost:7161/6 - -
[2022-05-10 18:30:32.844 +05:30  INF]  CORS policy execution successful.
[2022-05-10 18:30:32.844 +05:30  INF]  Executing endpoint 'TMS.API.Controllers.UserController.GetUserById (TMS.API)'
[2022-05-10 18:30:32.850 +05:30  INF]  Route matched with {action = "GetUserById", controller = "User"}. Executing controller action with signature Microsoft.AspNetCore.Mvc.IActionResult GetUserById(Int32) on controller TMS.API.Controllers.UserController (TMS.API).
[2022-05-10 18:30:37.452 +05:30  INF]  Request starting HTTP/1.1 GET http://localhost:5148/6 - -
[2022-05-10 18:30:37.452 +05:30  INF]  CORS policy execution successful.
[2022-05-10 18:30:37.452 +05:30  INF]  Request finished HTTP/1.1 GET http://localhost:5148/6 - - - 307 0 - 0.3730ms
[2022-05-10 18:30:37.466 +05:30  INF]  Request starting HTTP/2 GET https://localhost:7161/6 - -
[2022-05-10 18:30:37.466 +05:30  INF]  CORS policy execution successful.
[2022-05-10 18:30:37.466 +05:30  INF]  Executing endpoint 'TMS.API.Controllers.UserController.GetUserById (TMS.API)'
[2022-05-10 18:30:37.466 +05:30  INF]  Route matched with {action = "GetUserById", controller = "User"}. Executing controller action with signature Microsoft.AspNetCore.Mvc.IActionResult GetUserById(Int32) on controller TMS.API.Controllers.UserController (TMS.API).
[2022-05-10 18:30:39.120 +05:30  INF]  Entity Framework Core 6.0.0 initialized 'AppDbContext' using provider 'Microsoft.EntityFrameworkCore.SqlServer:6.0.0' with options: None
[2022-05-10 18:30:39.120 +05:30  INF]  Entity Framework Core 6.0.0 initialized 'AppDbContext' using provider 'Microsoft.EntityFrameworkCore.SqlServer:6.0.0' with options: None
[2022-05-10 18:30:39.129 +05:30  INF]  Executed DbCommand (2ms) [Parameters=[@__p_0='?' (DbType = Int32)], CommandType='"Text"', CommandTimeout='30']
SELECT TOP(1) [u].[Id], [u].[CreatedBy], [u].[CreatedOn], [u].[DepartmentId], [u].[Email], [u].[EmployeeId], [u].[Image], [u].[Name], [u].[Password], [u].[RoleId], [u].[UpdatedBy], [u].[UpdatedOn], [u].[UserName], [u].[isDisabled]
FROM [Users] AS [u]
WHERE [u].[Id] = @__p_0
[2022-05-10 18:30:39.134 +05:30  INF]  Executed DbCommand (0ms) [Parameters=[@__p_0='?' (DbType = Int32)], CommandType='"Text"', CommandTimeout='30']
SELECT TOP(1) [u].[Id], [u].[CreatedBy], [u].[CreatedOn], [u].[DepartmentId], [u].[Email], [u].[EmployeeId], [u].[Image], [u].[Name], [u].[Password], [u].[RoleId], [u].[UpdatedBy], [u].[UpdatedOn], [u].[UserName], [u].[isDisabled]
FROM [Users] AS [u]
WHERE [u].[Id] = @__p_0
[2022-05-10 18:30:39.140 +05:30  INF]  Executed DbCommand (5ms) [Parameters=[@__id_0='?' (DbType = Int32)], CommandType='"Text"', CommandTimeout='30']
SELECT TOP(1) [u].[Id], [u].[CreatedBy], [u].[CreatedOn], [u].[DepartmentId], [u].[Email], [u].[EmployeeId], [u].[Image], [u].[Name], [u].[Password], [u].[RoleId], [u].[UpdatedBy], [u].[UpdatedOn], [u].[UserName], [u].[isDisabled], [r].[Id], [r].[CreatedBy], [r].[CreatedOn], [r].[Name], [r].[UpdatedBy], [r].[UpdatedOn], [r].[isDisabled], [d].[Id], [d].[CreatedBy], [d].[CreatedOn], [d].[Name], [d].[UpdatedBy], [d].[UpdatedOn], [d].[isDisabled]
FROM [Users] AS [u]
INNER JOIN [Roles] AS [r] ON [u].[RoleId] = [r].[Id]
LEFT JOIN [Departments] AS [d] ON [u].[DepartmentId] = [d].[Id]
WHERE [u].[Id] = @__id_0
[2022-05-10 18:30:39.142 +05:30  INF]  Executed DbCommand (5ms) [Parameters=[@__id_0='?' (DbType = Int32)], CommandType='"Text"', CommandTimeout='30']
SELECT TOP(1) [u].[Id], [u].[CreatedBy], [u].[CreatedOn], [u].[DepartmentId], [u].[Email], [u].[EmployeeId], [u].[Image], [u].[Name], [u].[Password], [u].[RoleId], [u].[UpdatedBy], [u].[UpdatedOn], [u].[UserName], [u].[isDisabled], [r].[Id], [r].[CreatedBy], [r].[CreatedOn], [r].[Name], [r].[UpdatedBy], [r].[UpdatedOn], [r].[isDisabled], [d].[Id], [d].[CreatedBy], [d].[CreatedOn], [d].[Name], [d].[UpdatedBy], [d].[UpdatedOn], [d].[isDisabled]
FROM [Users] AS [u]
INNER JOIN [Roles] AS [r] ON [u].[RoleId] = [r].[Id]
LEFT JOIN [Departments] AS [d] ON [u].[DepartmentId] = [d].[Id]
WHERE [u].[Id] = @__id_0
[2022-05-10 18:30:42.898 +05:30  INF]  Executing OkObjectResult, writing value of type 'TMS.DAL.User'.
[2022-05-10 18:30:44.175 +05:30  INF]  Executing OkObjectResult, writing value of type 'TMS.DAL.User'.
[2022-05-10 18:30:46.766 +05:30  INF]  Executed action TMS.API.Controllers.UserController.GetUserById (TMS.API) in 9300.2836ms
[2022-05-10 18:30:46.766 +05:30  INF]  Executed endpoint 'TMS.API.Controllers.UserController.GetUserById (TMS.API)'
[2022-05-10 18:30:46.767 +05:30  INF]  Request finished HTTP/2 GET https://localhost:7161/6 - - - 200 89316 application/json;+charset=utf-8 9301.0935ms
[2022-05-10 18:30:56.154 +05:30  INF]  Executed action TMS.API.Controllers.UserController.GetUserById (TMS.API) in 23303.2112ms
[2022-05-10 18:30:56.154 +05:30  INF]  Executed endpoint 'TMS.API.Controllers.UserController.GetUserById (TMS.API)'
[2022-05-10 18:30:56.154 +05:30  INF]  Request finished HTTP/2 GET https://localhost:7161/6 - - - 200 89316 application/json;+charset=utf-8 23313.1354ms
[2022-05-10 18:32:32.690 +05:30  INF]  Request starting HTTP/1.1 GET http://localhost:5148/6 - -
[2022-05-10 18:32:32.690 +05:30  INF]  CORS policy execution successful.
[2022-05-10 18:32:32.690 +05:30  INF]  Request finished HTTP/1.1 GET http://localhost:5148/6 - - - 307 0 - 0.2725ms
[2022-05-10 18:32:32.818 +05:30  INF]  Request starting HTTP/2 GET https://localhost:7161/6 - -
[2022-05-10 18:32:32.818 +05:30  INF]  CORS policy execution successful.
[2022-05-10 18:32:32.818 +05:30  INF]  Executing endpoint 'TMS.API.Controllers.UserController.GetUserById (TMS.API)'
[2022-05-10 18:32:32.818 +05:30  INF]  Route matched with {action = "GetUserById", controller = "User"}. Executing controller action with signature Microsoft.AspNetCore.Mvc.IActionResult GetUserById(Int32) on controller TMS.API.Controllers.UserController (TMS.API).
[2022-05-10 18:32:56.656 +05:30  INF]  Request starting HTTP/1.1 GET http://localhost:5148/user/Role/1 - -
[2022-05-10 18:32:56.659 +05:30  INF]  Entity Framework Core 6.0.0 initialized 'AppDbContext' using provider 'Microsoft.EntityFrameworkCore.SqlServer:6.0.0' with options: None
[2022-05-10 18:32:56.679 +05:30  INF]  CORS policy execution successful.
[2022-05-10 18:32:56.680 +05:30  INF]  Executed DbCommand (2ms) [Parameters=[@__p_0='?' (DbType = Int32)], CommandType='"Text"', CommandTimeout='30']
SELECT TOP(1) [u].[Id], [u].[CreatedBy], [u].[CreatedOn], [u].[DepartmentId], [u].[Email], [u].[EmployeeId], [u].[Image], [u].[Name], [u].[Password], [u].[RoleId], [u].[UpdatedBy], [u].[UpdatedOn], [u].[UserName], [u].[isDisabled]
FROM [Users] AS [u]
WHERE [u].[Id] = @__p_0
[2022-05-10 18:32:56.681 +05:30  INF]  Request finished HTTP/1.1 GET http://localhost:5148/user/Role/1 - - - 307 0 - 24.2631ms
[2022-05-10 18:32:56.685 +05:30  INF]  Request starting HTTP/1.1 GET http://localhost:5148/6 - -
[2022-05-10 18:32:56.687 +05:30  INF]  CORS policy execution successful.
[2022-05-10 18:32:56.687 +05:30  INF]  Request finished HTTP/1.1 GET http://localhost:5148/6 - - - 0 - - 2.0327ms
[2022-05-10 18:32:56.698 +05:30  INF]  Executed DbCommand (7ms) [Parameters=[@__id_0='?' (DbType = Int32)], CommandType='"Text"', CommandTimeout='30']
SELECT TOP(1) [u].[Id], [u].[CreatedBy], [u].[CreatedOn], [u].[DepartmentId], [u].[Email], [u].[EmployeeId], [u].[Image], [u].[Name], [u].[Password], [u].[RoleId], [u].[UpdatedBy], [u].[UpdatedOn], [u].[UserName], [u].[isDisabled], [r].[Id], [r].[CreatedBy], [r].[CreatedOn], [r].[Name], [r].[UpdatedBy], [r].[UpdatedOn], [r].[isDisabled], [d].[Id], [d].[CreatedBy], [d].[CreatedOn], [d].[Name], [d].[UpdatedBy], [d].[UpdatedOn], [d].[isDisabled]
FROM [Users] AS [u]
INNER JOIN [Roles] AS [r] ON [u].[RoleId] = [r].[Id]
LEFT JOIN [Departments] AS [d] ON [u].[DepartmentId] = [d].[Id]
WHERE [u].[Id] = @__id_0
[2022-05-10 18:32:57.726 +05:30  INF]  Executing OkObjectResult, writing value of type 'TMS.DAL.User'.
[2022-05-10 18:32:57.742 +05:30  INF]  Request starting HTTP/2 GET https://localhost:7161/user/Role/1 - -
[2022-05-10 18:32:57.742 +05:30  INF]  CORS policy execution successful.
[2022-05-10 18:32:57.742 +05:30  INF]  Executing endpoint 'TMS.API.Controllers.UserController.GetAllUserByRole (TMS.API)'
[2022-05-10 18:32:57.743 +05:30  INF]  Executed action TMS.API.Controllers.UserController.GetUserById (TMS.API) in 24924.5323ms
[2022-05-10 18:32:57.743 +05:30  INF]  Executed endpoint 'TMS.API.Controllers.UserController.GetUserById (TMS.API)'
[2022-05-10 18:32:57.744 +05:30  INF]  Route matched with {action = "GetAllUserByRole", controller = "User"}. Executing controller action with signature Microsoft.AspNetCore.Mvc.IActionResult GetAllUserByRole(Int32) on controller TMS.API.Controllers.UserController (TMS.API).
[2022-05-10 18:32:57.748 +05:30  INF]  Request finished HTTP/2 GET https://localhost:7161/6 - - - 200 89316 application/json;+charset=utf-8 24930.3295ms
[2022-05-10 18:32:57.750 +05:30  INF]  Entity Framework Core 6.0.0 initialized 'AppDbContext' using provider 'Microsoft.EntityFrameworkCore.SqlServer:6.0.0' with options: None
[2022-05-10 18:32:57.769 +05:30  INF]  Executed DbCommand (4ms) [Parameters=[@__roleId_0='?' (DbType = Int32)], CommandType='"Text"', CommandTimeout='30']
SELECT [u].[Id], [u].[CreatedBy], [u].[CreatedOn], [u].[DepartmentId], [u].[Email], [u].[EmployeeId], [u].[Image], [u].[Name], [u].[Password], [u].[RoleId], [u].[UpdatedBy], [u].[UpdatedOn], [u].[UserName], [u].[isDisabled], [r].[Id], [r].[CreatedBy], [r].[CreatedOn], [r].[Name], [r].[UpdatedBy], [r].[UpdatedOn], [r].[isDisabled], [d].[Id], [d].[CreatedBy], [d].[CreatedOn], [d].[Name], [d].[UpdatedBy], [d].[UpdatedOn], [d].[isDisabled]
FROM [Users] AS [u]
INNER JOIN [Roles] AS [r] ON [u].[RoleId] = [r].[Id]
LEFT JOIN [Departments] AS [d] ON [u].[DepartmentId] = [d].[Id]
WHERE [u].[RoleId] = @__roleId_0
[2022-05-10 18:32:57.769 +05:30  INF]  Executing NotFoundObjectResult, writing value of type 'System.String'.
[2022-05-10 18:32:57.770 +05:30  INF]  Executed action TMS.API.Controllers.UserController.GetAllUserByRole (TMS.API) in 25.5738ms
[2022-05-10 18:32:57.770 +05:30  INF]  Executed endpoint 'TMS.API.Controllers.UserController.GetAllUserByRole (TMS.API)'
[2022-05-10 18:32:57.770 +05:30  INF]  Request finished HTTP/2 GET https://localhost:7161/user/Role/1 - - - 404 - text/plain;+charset=utf-8 28.5888ms
[2022-05-10 18:33:11.182 +05:30  INF]  User profile is available. Using 'C:\Users\gokul.ravi\AppData\Local\ASP.NET\DataProtection-Keys' as key repository and Windows DPAPI to encrypt keys at rest.
[2022-05-10 18:33:11.332 +05:30  INF]  Now listening on: https://localhost:7161
[2022-05-10 18:33:11.332 +05:30  INF]  Now listening on: http://localhost:5148
[2022-05-10 18:33:11.338 +05:30  INF]  Application started. Press Ctrl+C to shut down.
[2022-05-10 18:33:11.339 +05:30  INF]  Hosting environment: Development
[2022-05-10 18:33:11.339 +05:30  INF]  Content root path: C:\Users\gokul.ravi\Desktop\TMS\TMS\TMS.API\
[2022-05-10 18:33:12.290 +05:30  INF]  Request starting HTTP/2 GET https://localhost:7161/ - -
[2022-05-10 18:33:12.505 +05:30  INF]  Request finished HTTP/2 GET https://localhost:7161/ - - - 404 0 - 231.0047ms
[2022-05-10 18:33:34.621 +05:30  INF]  Request starting HTTP/1.1 GET http://localhost:5148/user/Role/2 - -
[2022-05-10 18:33:34.673 +05:30  INF]  CORS policy execution successful.
[2022-05-10 18:33:34.676 +05:30  INF]  Request finished HTTP/1.1 GET http://localhost:5148/user/Role/2 - - - 307 0 - 55.1582ms
[2022-05-10 18:33:34.688 +05:30  INF]  Request starting HTTP/2 GET https://localhost:7161/user/Role/2 - -
[2022-05-10 18:33:34.690 +05:30  INF]  CORS policy execution successful.
[2022-05-10 18:33:34.693 +05:30  INF]  Executing endpoint 'TMS.API.Controllers.UserController.GetAllUserByRole (TMS.API)'
[2022-05-10 18:33:34.720 +05:30  INF]  Route matched with {action = "GetAllUserByRole", controller = "User"}. Executing controller action with signature Microsoft.AspNetCore.Mvc.IActionResult GetAllUserByRole(Int32) on controller TMS.API.Controllers.UserController (TMS.API).
[2022-05-10 18:33:35.701 +05:30  INF]  Entity Framework Core 6.0.0 initialized 'AppDbContext' using provider 'Microsoft.EntityFrameworkCore.SqlServer:6.0.0' with options: None
[2022-05-10 18:33:36.285 +05:30  INF]  Executed DbCommand (38ms) [Parameters=[@__roleId_0='?' (DbType = Int32)], CommandType='"Text"', CommandTimeout='30']
SELECT [u].[Id], [u].[CreatedBy], [u].[CreatedOn], [u].[DepartmentId], [u].[Email], [u].[EmployeeId], [u].[Image], [u].[Name], [u].[Password], [u].[RoleId], [u].[UpdatedBy], [u].[UpdatedOn], [u].[UserName], [u].[isDisabled], [r].[Id], [r].[CreatedBy], [r].[CreatedOn], [r].[Name], [r].[UpdatedBy], [r].[UpdatedOn], [r].[isDisabled], [d].[Id], [d].[CreatedBy], [d].[CreatedOn], [d].[Name], [d].[UpdatedBy], [d].[UpdatedOn], [d].[isDisabled]
FROM [Users] AS [u]
INNER JOIN [Roles] AS [r] ON [u].[RoleId] = [r].[Id]
LEFT JOIN [Departments] AS [d] ON [u].[DepartmentId] = [d].[Id]
WHERE [u].[RoleId] = @__roleId_0
[2022-05-10 18:33:36.433 +05:30  INF]  Executing OkObjectResult, writing value of type 'System.Collections.Generic.List`1[[TMS.DAL.User, TMS.DAL, Version=1.0.0.0, Culture=neutral, PublicKeyToken=null]]'.
[2022-05-10 18:33:36.530 +05:30  INF]  Executed action TMS.API.Controllers.UserController.GetAllUserByRole (TMS.API) in 1804.3578ms
[2022-05-10 18:33:36.530 +05:30  INF]  Executed endpoint 'TMS.API.Controllers.UserController.GetAllUserByRole (TMS.API)'
[2022-05-10 18:33:36.539 +05:30  INF]  Request finished HTTP/2 GET https://localhost:7161/user/Role/2 - - - 200 44961 application/json;+charset=utf-8 1850.8439ms
[2022-05-10 18:34:25.300 +05:30  INF]  Request starting HTTP/1.1 GET http://localhost:5148/user/Role/2 - -
[2022-05-10 18:34:25.301 +05:30  INF]  CORS policy execution successful.
[2022-05-10 18:34:25.305 +05:30  INF]  Request finished HTTP/1.1 GET http://localhost:5148/user/Role/2 - - - 307 0 - 5.2720ms
[2022-05-10 18:34:25.311 +05:30  INF]  Request starting HTTP/2 GET https://localhost:7161/user/Role/2 - -
[2022-05-10 18:34:25.311 +05:30  INF]  CORS policy execution successful.
[2022-05-10 18:34:25.311 +05:30  INF]  Executing endpoint 'TMS.API.Controllers.UserController.GetAllUserByRole (TMS.API)'
[2022-05-10 18:34:25.311 +05:30  INF]  Route matched with {action = "GetAllUserByRole", controller = "User"}. Executing controller action with signature Microsoft.AspNetCore.Mvc.IActionResult GetAllUserByRole(Int32) on controller TMS.API.Controllers.UserController (TMS.API).
[2022-05-10 18:34:25.323 +05:30  INF]  Entity Framework Core 6.0.0 initialized 'AppDbContext' using provider 'Microsoft.EntityFrameworkCore.SqlServer:6.0.0' with options: None
[2022-05-10 18:34:25.337 +05:30  INF]  Executed DbCommand (8ms) [Parameters=[@__roleId_0='?' (DbType = Int32)], CommandType='"Text"', CommandTimeout='30']
SELECT [u].[Id], [u].[CreatedBy], [u].[CreatedOn], [u].[DepartmentId], [u].[Email], [u].[EmployeeId], [u].[Image], [u].[Name], [u].[Password], [u].[RoleId], [u].[UpdatedBy], [u].[UpdatedOn], [u].[UserName], [u].[isDisabled], [r].[Id], [r].[CreatedBy], [r].[CreatedOn], [r].[Name], [r].[UpdatedBy], [r].[UpdatedOn], [r].[isDisabled], [d].[Id], [d].[CreatedBy], [d].[CreatedOn], [d].[Name], [d].[UpdatedBy], [d].[UpdatedOn], [d].[isDisabled]
FROM [Users] AS [u]
INNER JOIN [Roles] AS [r] ON [u].[RoleId] = [r].[Id]
LEFT JOIN [Departments] AS [d] ON [u].[DepartmentId] = [d].[Id]
WHERE [u].[RoleId] = @__roleId_0
[2022-05-10 18:34:25.366 +05:30  ERR]  An exception occurred while iterating over the results of a query for context type 'TMS.API.AppDbContext'.
System.Data.SqlTypes.SqlNullValueException: Data is Null. This method or property cannot be called on Null values.
   at Microsoft.Data.SqlClient.SqlDataReader.GetFieldValueFromSqlBufferInternal[T](SqlBuffer data, _SqlMetaData metaData)
   at Microsoft.Data.SqlClient.SqlDataReader.GetFieldValueInternal[T](Int32 i)
   at Microsoft.Data.SqlClient.SqlDataReader.GetFieldValue[T](Int32 i)
   at lambda_method22(Closure , QueryContext , DbDataReader , ResultContext , SingleQueryResultCoordinator )
   at Microsoft.EntityFrameworkCore.Query.Internal.SingleQueryingEnumerable`1.Enumerator.MoveNext()
System.Data.SqlTypes.SqlNullValueException: Data is Null. This method or property cannot be called on Null values.
   at Microsoft.Data.SqlClient.SqlDataReader.GetFieldValueFromSqlBufferInternal[T](SqlBuffer data, _SqlMetaData metaData)
   at Microsoft.Data.SqlClient.SqlDataReader.GetFieldValueInternal[T](Int32 i)
   at Microsoft.Data.SqlClient.SqlDataReader.GetFieldValue[T](Int32 i)
   at lambda_method22(Closure , QueryContext , DbDataReader , ResultContext , SingleQueryResultCoordinator )
   at Microsoft.EntityFrameworkCore.Query.Internal.SingleQueryingEnumerable`1.Enumerator.MoveNext()
[2022-05-10 18:34:25.370 +05:30  FTL]  An Critical error occured in User services. Some external factors are involved. please check the log files to know more about it
[2022-05-10 18:34:25.383 +05:30  WRN]  There was an error in GetAllUserByRole. please check the user service for more information
[2022-05-10 18:34:25.385 +05:30  ERR]  error thrown by user service System.Data.SqlTypes.SqlNullValueException: Data is Null. This method or property cannot be called on Null values.
   at TMS.API.Services.UserService.GetUsersByRole(Int32 roleId) in C:\Users\gokul.ravi\Desktop\TMS\TMS\TMS.API\Services\UserService.cs:line 41
   at TMS.API.Controllers.UserController.GetAllUserByRole(Int32 id) in C:\Users\gokul.ravi\Desktop\TMS\TMS\TMS.API\Controllers\UserController.cs:line 26
[2022-05-10 18:34:25.385 +05:30  INF]  Executing ObjectResult, writing value of type 'Microsoft.AspNetCore.Mvc.ProblemDetails'.
[2022-05-10 18:34:25.399 +05:30  INF]  Executed action TMS.API.Controllers.UserController.GetAllUserByRole (TMS.API) in 87.4193ms
[2022-05-10 18:34:25.399 +05:30  INF]  Executed endpoint 'TMS.API.Controllers.UserController.GetAllUserByRole (TMS.API)'
[2022-05-10 18:34:25.399 +05:30  INF]  Request finished HTTP/2 GET https://localhost:7161/user/Role/2 - - - 500 247 application/problem+json;+charset=utf-8 88.4204ms
[2022-05-10 18:35:20.442 +05:30  INF]  Request starting HTTP/1.1 GET http://localhost:5148/user/Role/2 - -
[2022-05-10 18:35:20.443 +05:30  INF]  CORS policy execution successful.
[2022-05-10 18:35:20.443 +05:30  INF]  Request finished HTTP/1.1 GET http://localhost:5148/user/Role/2 - - - 307 0 - 0.4980ms
[2022-05-10 18:35:20.470 +05:30  INF]  Request starting HTTP/2 GET https://localhost:7161/user/Role/2 - -
[2022-05-10 18:35:20.472 +05:30  INF]  CORS policy execution successful.
[2022-05-10 18:35:20.472 +05:30  INF]  Executing endpoint 'TMS.API.Controllers.UserController.GetAllUserByRole (TMS.API)'
[2022-05-10 18:35:20.476 +05:30  INF]  Route matched with {action = "GetAllUserByRole", controller = "User"}. Executing controller action with signature Microsoft.AspNetCore.Mvc.IActionResult GetAllUserByRole(Int32) on controller TMS.API.Controllers.UserController (TMS.API).
[2022-05-10 18:35:20.582 +05:30  INF]  Entity Framework Core 6.0.0 initialized 'AppDbContext' using provider 'Microsoft.EntityFrameworkCore.SqlServer:6.0.0' with options: None
[2022-05-10 18:35:20.586 +05:30  INF]  Executed DbCommand (2ms) [Parameters=[@__roleId_0='?' (DbType = Int32)], CommandType='"Text"', CommandTimeout='30']
SELECT [u].[Id], [u].[CreatedBy], [u].[CreatedOn], [u].[DepartmentId], [u].[Email], [u].[EmployeeId], [u].[Image], [u].[Name], [u].[Password], [u].[RoleId], [u].[UpdatedBy], [u].[UpdatedOn], [u].[UserName], [u].[isDisabled], [r].[Id], [r].[CreatedBy], [r].[CreatedOn], [r].[Name], [r].[UpdatedBy], [r].[UpdatedOn], [r].[isDisabled], [d].[Id], [d].[CreatedBy], [d].[CreatedOn], [d].[Name], [d].[UpdatedBy], [d].[UpdatedOn], [d].[isDisabled]
FROM [Users] AS [u]
INNER JOIN [Roles] AS [r] ON [u].[RoleId] = [r].[Id]
LEFT JOIN [Departments] AS [d] ON [u].[DepartmentId] = [d].[Id]
WHERE [u].[RoleId] = @__roleId_0
[2022-05-10 18:35:20.588 +05:30  ERR]  An exception occurred while iterating over the results of a query for context type 'TMS.API.AppDbContext'.
System.Data.SqlTypes.SqlNullValueException: Data is Null. This method or property cannot be called on Null values.
   at Microsoft.Data.SqlClient.SqlDataReader.GetFieldValueFromSqlBufferInternal[T](SqlBuffer data, _SqlMetaData metaData)
   at Microsoft.Data.SqlClient.SqlDataReader.GetFieldValueInternal[T](Int32 i)
   at Microsoft.Data.SqlClient.SqlDataReader.GetFieldValue[T](Int32 i)
   at lambda_method22(Closure , QueryContext , DbDataReader , ResultContext , SingleQueryResultCoordinator )
   at Microsoft.EntityFrameworkCore.Query.Internal.SingleQueryingEnumerable`1.Enumerator.MoveNext()
System.Data.SqlTypes.SqlNullValueException: Data is Null. This method or property cannot be called on Null values.
   at Microsoft.Data.SqlClient.SqlDataReader.GetFieldValueFromSqlBufferInternal[T](SqlBuffer data, _SqlMetaData metaData)
   at Microsoft.Data.SqlClient.SqlDataReader.GetFieldValueInternal[T](Int32 i)
   at Microsoft.Data.SqlClient.SqlDataReader.GetFieldValue[T](Int32 i)
   at lambda_method22(Closure , QueryContext , DbDataReader , ResultContext , SingleQueryResultCoordinator )
   at Microsoft.EntityFrameworkCore.Query.Internal.SingleQueryingEnumerable`1.Enumerator.MoveNext()
[2022-05-10 18:35:20.588 +05:30  FTL]  An Critical error occured in User services. Some external factors are involved. please check the log files to know more about it
[2022-05-10 18:35:20.590 +05:30  WRN]  There was an error in GetAllUserByRole. please check the user service for more information
[2022-05-10 18:35:20.590 +05:30  ERR]  error thrown by user service System.Data.SqlTypes.SqlNullValueException: Data is Null. This method or property cannot be called on Null values.
   at TMS.API.Services.UserService.GetUsersByRole(Int32 roleId) in C:\Users\gokul.ravi\Desktop\TMS\TMS\TMS.API\Services\UserService.cs:line 41
   at TMS.API.Controllers.UserController.GetAllUserByRole(Int32 id) in C:\Users\gokul.ravi\Desktop\TMS\TMS\TMS.API\Controllers\UserController.cs:line 26
[2022-05-10 18:35:20.590 +05:30  INF]  Executing ObjectResult, writing value of type 'Microsoft.AspNetCore.Mvc.ProblemDetails'.
[2022-05-10 18:35:20.591 +05:30  INF]  Executed action TMS.API.Controllers.UserController.GetAllUserByRole (TMS.API) in 114.6779ms
[2022-05-10 18:35:20.591 +05:30  INF]  Executed endpoint 'TMS.API.Controllers.UserController.GetAllUserByRole (TMS.API)'
[2022-05-10 18:35:20.591 +05:30  INF]  Request finished HTTP/2 GET https://localhost:7161/user/Role/2 - - - 500 247 application/problem+json;+charset=utf-8 121.3793ms
[2022-05-10 18:35:27.251 +05:30  INF]  Application is shutting down...
[2022-05-10 18:35:31.192 +05:30  INF]  User profile is available. Using 'C:\Users\gokul.ravi\AppData\Local\ASP.NET\DataProtection-Keys' as key repository and Windows DPAPI to encrypt keys at rest.
[2022-05-10 18:35:31.331 +05:30  INF]  Now listening on: https://localhost:7161
[2022-05-10 18:35:31.331 +05:30  INF]  Now listening on: http://localhost:5148
[2022-05-10 18:35:31.335 +05:30  INF]  Application started. Press Ctrl+C to shut down.
[2022-05-10 18:35:31.336 +05:30  INF]  Hosting environment: Development
[2022-05-10 18:35:31.336 +05:30  INF]  Content root path: C:\Users\gokul.ravi\Desktop\TMS\TMS\TMS.API\
[2022-05-10 18:35:34.739 +05:30  INF]  Application is shutting down...
[2022-05-10 18:35:43.353 +05:30  INF]  User profile is available. Using 'C:\Users\gokul.ravi\AppData\Local\ASP.NET\DataProtection-Keys' as key repository and Windows DPAPI to encrypt keys at rest.
[2022-05-10 18:35:43.745 +05:30  INF]  Now listening on: https://localhost:7161
[2022-05-10 18:35:43.748 +05:30  INF]  Now listening on: http://localhost:5148
[2022-05-10 18:35:43.759 +05:30  INF]  Application started. Press Ctrl+C to shut down.
[2022-05-10 18:35:43.762 +05:30  INF]  Hosting environment: Development
[2022-05-10 18:35:43.764 +05:30  INF]  Content root path: C:\Users\gokul.ravi\Desktop\TMS\TMS\TMS.API\
[2022-05-10 18:35:44.107 +05:30  INF]  Request starting HTTP/2 GET https://localhost:7161/ - -
[2022-05-10 18:35:44.236 +05:30  INF]  Request finished HTTP/2 GET https://localhost:7161/ - - - 404 0 - 130.8876ms
[2022-05-10 18:35:46.813 +05:30  INF]  Request starting HTTP/1.1 GET http://localhost:5148/user/Role/2 - -
[2022-05-10 18:35:46.820 +05:30  INF]  CORS policy execution successful.
[2022-05-10 18:35:46.863 +05:30  INF]  Request finished HTTP/1.1 GET http://localhost:5148/user/Role/2 - - - 307 0 - 50.5722ms
[2022-05-10 18:35:46.877 +05:30  INF]  Request starting HTTP/2 GET https://localhost:7161/user/Role/2 - -
[2022-05-10 18:35:46.879 +05:30  INF]  CORS policy execution successful.
[2022-05-10 18:35:46.883 +05:30  INF]  Executing endpoint 'TMS.API.Controllers.UserController.GetAllUserByRole (TMS.API)'
[2022-05-10 18:35:46.909 +05:30  INF]  Route matched with {action = "GetAllUserByRole", controller = "User"}. Executing controller action with signature Microsoft.AspNetCore.Mvc.IActionResult GetAllUserByRole(Int32) on controller TMS.API.Controllers.UserController (TMS.API).
[2022-05-10 18:35:57.327 +05:30  INF]  Entity Framework Core 6.0.0 initialized 'AppDbContext' using provider 'Microsoft.EntityFrameworkCore.SqlServer:6.0.0' with options: None
[2022-05-10 18:35:58.108 +05:30  INF]  Executed DbCommand (38ms) [Parameters=[@__roleId_0='?' (DbType = Int32)], CommandType='"Text"', CommandTimeout='30']
SELECT [u].[Id], [u].[CreatedBy], [u].[CreatedOn], [u].[DepartmentId], [u].[Email], [u].[EmployeeId], [u].[Image], [u].[Name], [u].[Password], [u].[RoleId], [u].[UpdatedBy], [u].[UpdatedOn], [u].[UserName], [u].[isDisabled], [r].[Id], [r].[CreatedBy], [r].[CreatedOn], [r].[Name], [r].[UpdatedBy], [r].[UpdatedOn], [r].[isDisabled], [d].[Id], [d].[CreatedBy], [d].[CreatedOn], [d].[Name], [d].[UpdatedBy], [d].[UpdatedOn], [d].[isDisabled]
FROM [Users] AS [u]
INNER JOIN [Roles] AS [r] ON [u].[RoleId] = [r].[Id]
LEFT JOIN [Departments] AS [d] ON [u].[DepartmentId] = [d].[Id]
WHERE [u].[RoleId] = @__roleId_0
[2022-05-10 18:35:58.366 +05:30  ERR]  An exception occurred while iterating over the results of a query for context type 'TMS.API.AppDbContext'.
System.Data.SqlTypes.SqlNullValueException: Data is Null. This method or property cannot be called on Null values.
   at Microsoft.Data.SqlClient.SqlDataReader.GetFieldValueFromSqlBufferInternal[T](SqlBuffer data, _SqlMetaData metaData)
   at Microsoft.Data.SqlClient.SqlDataReader.GetFieldValueInternal[T](Int32 i)
   at Microsoft.Data.SqlClient.SqlDataReader.GetFieldValue[T](Int32 i)
   at lambda_method22(Closure , QueryContext , DbDataReader , ResultContext , SingleQueryResultCoordinator )
   at Microsoft.EntityFrameworkCore.Query.Internal.SingleQueryingEnumerable`1.Enumerator.MoveNext()
System.Data.SqlTypes.SqlNullValueException: Data is Null. This method or property cannot be called on Null values.
   at Microsoft.Data.SqlClient.SqlDataReader.GetFieldValueFromSqlBufferInternal[T](SqlBuffer data, _SqlMetaData metaData)
   at Microsoft.Data.SqlClient.SqlDataReader.GetFieldValueInternal[T](Int32 i)
   at Microsoft.Data.SqlClient.SqlDataReader.GetFieldValue[T](Int32 i)
   at lambda_method22(Closure , QueryContext , DbDataReader , ResultContext , SingleQueryResultCoordinator )
   at Microsoft.EntityFrameworkCore.Query.Internal.SingleQueryingEnumerable`1.Enumerator.MoveNext()
[2022-05-10 18:43:56.854 +05:30  INF]  User profile is available. Using 'C:\Users\gokul.ravi\AppData\Local\ASP.NET\DataProtection-Keys' as key repository and Windows DPAPI to encrypt keys at rest.
[2022-05-10 18:43:57.088 +05:30  INF]  Now listening on: https://localhost:7161
[2022-05-10 18:43:57.091 +05:30  INF]  Now listening on: http://localhost:5148
[2022-05-10 18:43:57.100 +05:30  INF]  Application started. Press Ctrl+C to shut down.
[2022-05-10 18:43:57.103 +05:30  INF]  Hosting environment: Development
[2022-05-10 18:43:57.105 +05:30  INF]  Content root path: C:\Users\gokul.ravi\Desktop\TMS\TMS\TMS.API\
[2022-05-10 18:43:57.426 +05:30  INF]  Request starting HTTP/2 GET https://localhost:7161/ - -
[2022-05-10 18:43:57.510 +05:30  INF]  Request finished HTTP/2 GET https://localhost:7161/ - - - 404 0 - 86.5532ms
[2022-05-10 18:44:00.574 +05:30  INF]  Request starting HTTP/1.1 GET http://localhost:5148/user/Role/2 - -
[2022-05-10 18:44:00.582 +05:30  INF]  CORS policy execution successful.
[2022-05-10 18:44:00.597 +05:30  INF]  Request finished HTTP/1.1 GET http://localhost:5148/user/Role/2 - - - 307 0 - 23.2806ms
[2022-05-10 18:44:00.627 +05:30  INF]  Request starting HTTP/2 GET https://localhost:7161/user/Role/2 - -
[2022-05-10 18:44:00.629 +05:30  INF]  CORS policy execution successful.
[2022-05-10 18:44:00.641 +05:30  INF]  Executing endpoint 'TMS.API.Controllers.UserController.GetAllUserByRole (TMS.API)'
[2022-05-10 18:44:00.665 +05:30  INF]  Route matched with {action = "GetAllUserByRole", controller = "User"}. Executing controller action with signature Microsoft.AspNetCore.Mvc.IActionResult GetAllUserByRole(Int32) on controller TMS.API.Controllers.UserController (TMS.API).
[2022-05-10 18:44:05.118 +05:30  INF]  Entity Framework Core 6.0.0 initialized 'AppDbContext' using provider 'Microsoft.EntityFrameworkCore.SqlServer:6.0.0' with options: None
[2022-05-10 18:44:05.787 +05:30  INF]  Executed DbCommand (33ms) [Parameters=[@__roleId_0='?' (DbType = Int32)], CommandType='"Text"', CommandTimeout='30']
SELECT [u].[Id], [u].[CreatedBy], [u].[CreatedOn], [u].[DepartmentId], [u].[Email], [u].[EmployeeId], [u].[Image], [u].[Name], [u].[Password], [u].[RoleId], [u].[UpdatedBy], [u].[UpdatedOn], [u].[UserName], [u].[isDisabled], [r].[Id], [r].[CreatedBy], [r].[CreatedOn], [r].[Name], [r].[UpdatedBy], [r].[UpdatedOn], [r].[isDisabled], [d].[Id], [d].[CreatedBy], [d].[CreatedOn], [d].[Name], [d].[UpdatedBy], [d].[UpdatedOn], [d].[isDisabled]
FROM [Users] AS [u]
INNER JOIN [Roles] AS [r] ON [u].[RoleId] = [r].[Id]
LEFT JOIN [Departments] AS [d] ON [u].[DepartmentId] = [d].[Id]
WHERE [u].[RoleId] = @__roleId_0
[2022-05-10 18:44:05.959 +05:30  ERR]  An exception occurred while iterating over the results of a query for context type 'TMS.API.AppDbContext'.
System.Data.SqlTypes.SqlNullValueException: Data is Null. This method or property cannot be called on Null values.
   at Microsoft.Data.SqlClient.SqlBuffer.ThrowIfNull()
   at Microsoft.Data.SqlClient.SqlBuffer.get_Boolean()
   at Microsoft.Data.SqlClient.SqlDataReader.GetBoolean(Int32 i)
   at lambda_method22(Closure , QueryContext , DbDataReader , ResultContext , SingleQueryResultCoordinator )
   at Microsoft.EntityFrameworkCore.Query.Internal.SingleQueryingEnumerable`1.Enumerator.MoveNext()
System.Data.SqlTypes.SqlNullValueException: Data is Null. This method or property cannot be called on Null values.
   at Microsoft.Data.SqlClient.SqlBuffer.ThrowIfNull()
   at Microsoft.Data.SqlClient.SqlBuffer.get_Boolean()
   at Microsoft.Data.SqlClient.SqlDataReader.GetBoolean(Int32 i)
   at lambda_method22(Closure , QueryContext , DbDataReader , ResultContext , SingleQueryResultCoordinator )
   at Microsoft.EntityFrameworkCore.Query.Internal.SingleQueryingEnumerable`1.Enumerator.MoveNext()
[2022-05-10 18:44:06.015 +05:30  FTL]  An Critical error occured in User services. Some external factors are involved. please check the log files to know more about it
[2022-05-10 18:44:06.055 +05:30  WRN]  There was an error in GetAllUserByRole. please check the user service for more information
[2022-05-10 18:44:06.058 +05:30  ERR]  error thrown by user service System.Data.SqlTypes.SqlNullValueException: Data is Null. This method or property cannot be called on Null values.
   at TMS.API.Services.UserService.GetUsersByRole(Int32 roleId) in C:\Users\gokul.ravi\Desktop\TMS\TMS\TMS.API\Services\UserService.cs:line 41
   at TMS.API.Controllers.UserController.GetAllUserByRole(Int32 id) in C:\Users\gokul.ravi\Desktop\TMS\TMS\TMS.API\Controllers\UserController.cs:line 26
[2022-05-10 18:44:06.067 +05:30  INF]  Executing ObjectResult, writing value of type 'Microsoft.AspNetCore.Mvc.ProblemDetails'.
[2022-05-10 18:44:06.185 +05:30  INF]  Executed action TMS.API.Controllers.UserController.GetAllUserByRole (TMS.API) in 5513.4125ms
[2022-05-10 18:44:06.185 +05:30  INF]  Executed endpoint 'TMS.API.Controllers.UserController.GetAllUserByRole (TMS.API)'
[2022-05-10 18:44:06.189 +05:30  INF]  Request finished HTTP/2 GET https://localhost:7161/user/Role/2 - - - 500 247 application/problem+json;+charset=utf-8 5562.1550ms
[2022-05-10 18:44:19.862 +05:30  INF]  Request starting HTTP/1.1 GET http://localhost:5148/user/Role/2 - -
[2022-05-10 18:44:19.862 +05:30  INF]  CORS policy execution successful.
[2022-05-10 18:44:19.863 +05:30  INF]  Request finished HTTP/1.1 GET http://localhost:5148/user/Role/2 - - - 307 0 - 1.2194ms
[2022-05-10 18:44:19.892 +05:30  INF]  Request starting HTTP/2 GET https://localhost:7161/user/Role/2 - -
[2022-05-10 18:44:19.893 +05:30  INF]  CORS policy execution successful.
[2022-05-10 18:44:19.893 +05:30  INF]  Executing endpoint 'TMS.API.Controllers.UserController.GetAllUserByRole (TMS.API)'
[2022-05-10 18:44:19.893 +05:30  INF]  Route matched with {action = "GetAllUserByRole", controller = "User"}. Executing controller action with signature Microsoft.AspNetCore.Mvc.IActionResult GetAllUserByRole(Int32) on controller TMS.API.Controllers.UserController (TMS.API).
[2022-05-10 18:44:25.758 +05:30  INF]  Entity Framework Core 6.0.0 initialized 'AppDbContext' using provider 'Microsoft.EntityFrameworkCore.SqlServer:6.0.0' with options: None
[2022-05-10 18:44:25.824 +05:30  INF]  Executed DbCommand (2ms) [Parameters=[@__roleId_0='?' (DbType = Int32)], CommandType='"Text"', CommandTimeout='30']
SELECT [u].[Id], [u].[CreatedBy], [u].[CreatedOn], [u].[DepartmentId], [u].[Email], [u].[EmployeeId], [u].[Image], [u].[Name], [u].[Password], [u].[RoleId], [u].[UpdatedBy], [u].[UpdatedOn], [u].[UserName], [u].[isDisabled], [r].[Id], [r].[CreatedBy], [r].[CreatedOn], [r].[Name], [r].[UpdatedBy], [r].[UpdatedOn], [r].[isDisabled], [d].[Id], [d].[CreatedBy], [d].[CreatedOn], [d].[Name], [d].[UpdatedBy], [d].[UpdatedOn], [d].[isDisabled]
FROM [Users] AS [u]
INNER JOIN [Roles] AS [r] ON [u].[RoleId] = [r].[Id]
LEFT JOIN [Departments] AS [d] ON [u].[DepartmentId] = [d].[Id]
WHERE [u].[RoleId] = @__roleId_0
[2022-05-10 18:44:25.903 +05:30  ERR]  An exception occurred while iterating over the results of a query for context type 'TMS.API.AppDbContext'.
System.Data.SqlTypes.SqlNullValueException: Data is Null. This method or property cannot be called on Null values.
   at Microsoft.Data.SqlClient.SqlBuffer.ThrowIfNull()
   at Microsoft.Data.SqlClient.SqlBuffer.get_Boolean()
   at Microsoft.Data.SqlClient.SqlDataReader.GetBoolean(Int32 i)
   at lambda_method22(Closure , QueryContext , DbDataReader , ResultContext , SingleQueryResultCoordinator )
   at Microsoft.EntityFrameworkCore.Query.Internal.SingleQueryingEnumerable`1.Enumerator.MoveNext()
System.Data.SqlTypes.SqlNullValueException: Data is Null. This method or property cannot be called on Null values.
   at Microsoft.Data.SqlClient.SqlBuffer.ThrowIfNull()
   at Microsoft.Data.SqlClient.SqlBuffer.get_Boolean()
   at Microsoft.Data.SqlClient.SqlDataReader.GetBoolean(Int32 i)
   at lambda_method22(Closure , QueryContext , DbDataReader , ResultContext , SingleQueryResultCoordinator )
   at Microsoft.EntityFrameworkCore.Query.Internal.SingleQueryingEnumerable`1.Enumerator.MoveNext()
[2022-05-10 18:44:27.484 +05:30  FTL]  An Critical error occured in User services. Some external factors are involved. please check the log files to know more about it
[2022-05-10 18:44:30.531 +05:30  WRN]  There was an error in GetAllUserByRole. please check the user service for more information
[2022-05-10 18:44:30.853 +05:30  ERR]  error thrown by user service System.Data.SqlTypes.SqlNullValueException: Data is Null. This method or property cannot be called on Null values.
   at TMS.API.Services.UserService.GetUsersByRole(Int32 roleId) in C:\Users\gokul.ravi\Desktop\TMS\TMS\TMS.API\Services\UserService.cs:line 41
   at TMS.API.Controllers.UserController.GetAllUserByRole(Int32 id) in C:\Users\gokul.ravi\Desktop\TMS\TMS\TMS.API\Controllers\UserController.cs:line 26
[2022-05-10 18:45:41.155 +05:30  INF]  User profile is available. Using 'C:\Users\gokul.ravi\AppData\Local\ASP.NET\DataProtection-Keys' as key repository and Windows DPAPI to encrypt keys at rest.
[2022-05-10 18:45:41.435 +05:30  INF]  Now listening on: https://localhost:7161
[2022-05-10 18:45:41.437 +05:30  INF]  Now listening on: http://localhost:5148
[2022-05-10 18:45:41.445 +05:30  INF]  Application started. Press Ctrl+C to shut down.
[2022-05-10 18:45:41.447 +05:30  INF]  Hosting environment: Development
[2022-05-10 18:45:41.449 +05:30  INF]  Content root path: C:\Users\gokul.ravi\Desktop\TMS\TMS\TMS.API\
[2022-05-10 18:45:41.946 +05:30  INF]  Request starting HTTP/2 GET https://localhost:7161/ - -
[2022-05-10 18:45:42.011 +05:30  INF]  Request finished HTTP/2 GET https://localhost:7161/ - - - 404 0 - 68.5266ms
[2022-05-10 18:45:45.759 +05:30  INF]  Request starting HTTP/1.1 GET http://localhost:5148/user/Role/2 - -
[2022-05-10 18:45:45.790 +05:30  INF]  CORS policy execution successful.
[2022-05-10 18:45:45.813 +05:30  INF]  Request finished HTTP/1.1 GET http://localhost:5148/user/Role/2 - - - 307 0 - 53.7223ms
[2022-05-10 18:45:45.834 +05:30  INF]  Request starting HTTP/2 GET https://localhost:7161/user/Role/2 - -
[2022-05-10 18:45:45.835 +05:30  INF]  CORS policy execution successful.
[2022-05-10 18:45:45.841 +05:30  INF]  Executing endpoint 'TMS.API.Controllers.UserController.GetAllUserByRole (TMS.API)'
[2022-05-10 18:45:45.870 +05:30  INF]  Route matched with {action = "GetAllUserByRole", controller = "User"}. Executing controller action with signature Microsoft.AspNetCore.Mvc.IActionResult GetAllUserByRole(Int32) on controller TMS.API.Controllers.UserController (TMS.API).
[2022-05-10 18:45:59.774 +05:30  INF]  Entity Framework Core 6.0.0 initialized 'AppDbContext' using provider 'Microsoft.EntityFrameworkCore.SqlServer:6.0.0' with options: None
[2022-05-10 18:46:00.582 +05:30  INF]  Executed DbCommand (39ms) [Parameters=[@__roleId_0='?' (DbType = Int32)], CommandType='"Text"', CommandTimeout='30']
SELECT [u].[Id], [u].[CreatedBy], [u].[CreatedOn], [u].[DepartmentId], [u].[Email], [u].[EmployeeId], [u].[Image], [u].[Name], [u].[Password], [u].[RoleId], [u].[UpdatedBy], [u].[UpdatedOn], [u].[UserName], [u].[isDisabled], [r].[Id], [r].[CreatedBy], [r].[CreatedOn], [r].[Name], [r].[UpdatedBy], [r].[UpdatedOn], [r].[isDisabled], [d].[Id], [d].[CreatedBy], [d].[CreatedOn], [d].[Name], [d].[UpdatedBy], [d].[UpdatedOn], [d].[isDisabled]
FROM [Users] AS [u]
INNER JOIN [Roles] AS [r] ON [u].[RoleId] = [r].[Id]
LEFT JOIN [Departments] AS [d] ON [u].[DepartmentId] = [d].[Id]
WHERE [u].[RoleId] = @__roleId_0
[2022-05-10 18:46:00.823 +05:30  ERR]  An exception occurred while iterating over the results of a query for context type 'TMS.API.AppDbContext'.
System.Data.SqlTypes.SqlNullValueException: Data is Null. This method or property cannot be called on Null values.
   at Microsoft.Data.SqlClient.SqlBuffer.ThrowIfNull()
   at Microsoft.Data.SqlClient.SqlBuffer.get_Boolean()
   at Microsoft.Data.SqlClient.SqlDataReader.GetBoolean(Int32 i)
   at lambda_method22(Closure , QueryContext , DbDataReader , ResultContext , SingleQueryResultCoordinator )
   at Microsoft.EntityFrameworkCore.Query.Internal.SingleQueryingEnumerable`1.Enumerator.MoveNext()
System.Data.SqlTypes.SqlNullValueException: Data is Null. This method or property cannot be called on Null values.
   at Microsoft.Data.SqlClient.SqlBuffer.ThrowIfNull()
   at Microsoft.Data.SqlClient.SqlBuffer.get_Boolean()
   at Microsoft.Data.SqlClient.SqlDataReader.GetBoolean(Int32 i)
   at lambda_method22(Closure , QueryContext , DbDataReader , ResultContext , SingleQueryResultCoordinator )
   at Microsoft.EntityFrameworkCore.Query.Internal.SingleQueryingEnumerable`1.Enumerator.MoveNext()
[2022-05-10 18:48:24.408 +05:30  INF]  User profile is available. Using 'C:\Users\gokul.ravi\AppData\Local\ASP.NET\DataProtection-Keys' as key repository and Windows DPAPI to encrypt keys at rest.
[2022-05-10 18:48:24.658 +05:30  INF]  Now listening on: https://localhost:7161
[2022-05-10 18:48:24.661 +05:30  INF]  Now listening on: http://localhost:5148
[2022-05-10 18:48:24.672 +05:30  INF]  Application started. Press Ctrl+C to shut down.
[2022-05-10 18:48:24.674 +05:30  INF]  Hosting environment: Development
[2022-05-10 18:48:24.677 +05:30  INF]  Content root path: C:\Users\gokul.ravi\Desktop\TMS\TMS\TMS.API\
[2022-05-10 18:48:25.026 +05:30  INF]  Request starting HTTP/2 GET https://localhost:7161/ - -
[2022-05-10 18:48:25.098 +05:30  INF]  Request finished HTTP/2 GET https://localhost:7161/ - - - 404 0 - 79.5756ms
[2022-05-10 18:48:28.798 +05:30  INF]  Request starting HTTP/1.1 GET http://localhost:5148/user/Role/2 - -
[2022-05-10 18:48:28.804 +05:30  INF]  CORS policy execution successful.
[2022-05-10 18:48:28.818 +05:30  INF]  Request finished HTTP/1.1 GET http://localhost:5148/user/Role/2 - - - 307 0 - 19.9174ms
[2022-05-10 18:48:28.833 +05:30  INF]  Request starting HTTP/2 GET https://localhost:7161/user/Role/2 - -
[2022-05-10 18:48:28.838 +05:30  INF]  CORS policy execution successful.
[2022-05-10 18:48:28.843 +05:30  INF]  Executing endpoint 'TMS.API.Controllers.UserController.GetAllUserByRole (TMS.API)'
[2022-05-10 18:48:28.864 +05:30  INF]  Route matched with {action = "GetAllUserByRole", controller = "User"}. Executing controller action with signature Microsoft.AspNetCore.Mvc.IActionResult GetAllUserByRole(Int32) on controller TMS.API.Controllers.UserController (TMS.API).
[2022-05-10 18:48:34.788 +05:30  INF]  Entity Framework Core 6.0.0 initialized 'AppDbContext' using provider 'Microsoft.EntityFrameworkCore.SqlServer:6.0.0' with options: None
[2022-05-10 18:48:35.632 +05:30  INF]  Executed DbCommand (36ms) [Parameters=[@__roleId_0='?' (DbType = Int32)], CommandType='"Text"', CommandTimeout='30']
SELECT [u].[Id], [u].[CreatedBy], [u].[CreatedOn], [u].[DepartmentId], [u].[Email], [u].[EmployeeId], [u].[Image], [u].[Name], [u].[Password], [u].[RoleId], [u].[UpdatedBy], [u].[UpdatedOn], [u].[UserName], [u].[isDisabled], [r].[Id], [r].[CreatedBy], [r].[CreatedOn], [r].[Name], [r].[UpdatedBy], [r].[UpdatedOn], [r].[isDisabled], [d].[Id], [d].[CreatedBy], [d].[CreatedOn], [d].[Name], [d].[UpdatedBy], [d].[UpdatedOn], [d].[isDisabled]
FROM [Users] AS [u]
INNER JOIN [Roles] AS [r] ON [u].[RoleId] = [r].[Id]
LEFT JOIN [Departments] AS [d] ON [u].[DepartmentId] = [d].[Id]
WHERE [u].[RoleId] = @__roleId_0
[2022-05-10 18:48:39.240 +05:30  INF]  Executing OkObjectResult, writing value of type 'System.Collections.Generic.List`1[[TMS.DAL.User, TMS.DAL, Version=1.0.0.0, Culture=neutral, PublicKeyToken=null]]'.
[2022-05-10 18:49:10.884 +05:30  INF]  Executed action TMS.API.Controllers.UserController.GetAllUserByRole (TMS.API) in 42015.221ms
[2022-05-10 18:49:10.885 +05:30  INF]  Executed endpoint 'TMS.API.Controllers.UserController.GetAllUserByRole (TMS.API)'
[2022-05-10 18:49:10.895 +05:30  INF]  Request finished HTTP/2 GET https://localhost:7161/user/Role/2 - - - 200 263807 application/json;+charset=utf-8 42061.1972ms
